[2020-04-02 09:15:52,366] {passage_main.py:104} DEBUG - 최단거리 ==================>  (35.38, 129.42) 
[2020-04-02 09:15:52,368] {passage_main.py:104} DEBUG - 최단거리 ==================>  (35.1532476, 129.367982) 
[2020-04-02 09:15:52,368] {passage_main.py:104} DEBUG - 최단거리 ==================>  (34.535, 128.8705556) 
[2020-04-02 09:15:52,369] {passage_main.py:104} DEBUG - 최단거리 ==================>  (34.4547222, 128.7394444) 
[2020-04-02 09:15:52,369] {passage_main.py:104} DEBUG - 최단거리 ==================>  (34.4561111, 128.0902778) 
[2020-04-02 09:15:52,370] {passage_main.py:104} DEBUG - 최단거리 ==================>  (34.6016667, 127.9652778) 
[2020-04-02 09:15:52,372] {passage_main.py:104} DEBUG - 최단거리 ==================>  (34.6866667, 127.9438889) 
[2020-04-02 09:15:52,372] {passage_main.py:104} DEBUG - 최단거리 ==================>  (34.7229334, 127.8640104) 
[2020-04-02 09:15:52,373] {passage_main.py:104} DEBUG - 최단거리 ==================>  (34.7333333, 127.8444444) 
[2020-04-02 09:15:52,373] {passage_main.py:104} DEBUG - 최단거리 ==================>  (34.75, 127.83) 
[2020-04-02 09:15:52,374] {passage_main.py:110} DEBUG - ============================최단거리 좌표(지도표시용)============================== 
[2020-04-02 09:18:47,044] {autoreload.py:222} INFO - C:\PycharmProjects\django_web\passage\esail\algm\passage_main.py changed, reloading.
[2020-04-02 09:18:47,046] {selector_events.py:53} DEBUG - Using selector: SelectSelector
[2020-04-02 09:34:14,409] {passage_main.py:104} DEBUG - 최단거리 ==================>  (35.38, 129.42) 
[2020-04-02 09:34:14,409] {passage_main.py:104} DEBUG - 최단거리 ==================>  (35.1532476, 129.367982) 
[2020-04-02 09:34:14,410] {passage_main.py:104} DEBUG - 최단거리 ==================>  (34.535, 128.8705556) 
[2020-04-02 09:34:14,410] {passage_main.py:104} DEBUG - 최단거리 ==================>  (34.4547222, 128.7394444) 
[2020-04-02 09:34:14,410] {passage_main.py:104} DEBUG - 최단거리 ==================>  (34.4561111, 128.0902778) 
[2020-04-02 09:34:14,411] {passage_main.py:104} DEBUG - 최단거리 ==================>  (34.6016667, 127.9652778) 
[2020-04-02 09:34:14,411] {passage_main.py:104} DEBUG - 최단거리 ==================>  (34.6866667, 127.9438889) 
[2020-04-02 09:34:14,412] {passage_main.py:104} DEBUG - 최단거리 ==================>  (34.7229334, 127.8640104) 
[2020-04-02 09:34:14,412] {passage_main.py:104} DEBUG - 최단거리 ==================>  (34.7333333, 127.8444444) 
[2020-04-02 09:34:14,412] {passage_main.py:104} DEBUG - 최단거리 ==================>  (34.75, 127.83) 
[2020-04-02 09:34:14,413] {passage_main.py:110} DEBUG - ============================최단거리 좌표(지도표시용)============================== 
[2020-04-02 09:34:14,817] {log.py:228} ERROR - Internal Server Error: /esail/passage/12/
Traceback (most recent call last):
  File "C:\PycharmProjects\django_web\venv\lib\site-packages\django\core\handlers\exception.py", line 34, in inner
    response = get_response(request)
  File "C:\PycharmProjects\django_web\venv\lib\site-packages\django\core\handlers\base.py", line 115, in _get_response
    response = self.process_exception_by_middleware(e, request)
  File "C:\PycharmProjects\django_web\venv\lib\site-packages\django\core\handlers\base.py", line 113, in _get_response
    response = wrapped_callback(request, *callback_args, **callback_kwargs)
  File "C:\PycharmProjects\django_web\passage\esail\views.py", line 24, in passage
    final_route,final_route_marker,passage_plan_dict,barriers_list = passage_main.main(passage_id)
  File "C:\PycharmProjects\django_web\passage\esail\algm\passage_main.py", line 252, in main
    final_route_distance = util.make_route_distance(final_route)
  File "C:\PycharmProjects\django_web\passage\esail\algm\util.py", line 251, in make_route_distance
    str_temp = final_route[i] + '(0.0)'
TypeError: can only concatenate tuple (not "str") to tuple
[2020-04-02 09:35:16,266] {autoreload.py:222} INFO - C:\PycharmProjects\django_web\passage\esail\algm\util.py changed, reloading.
[2020-04-02 09:35:16,267] {selector_events.py:53} DEBUG - Using selector: SelectSelector
[2020-04-02 09:35:18,621] {passage_main.py:104} DEBUG - 최단거리 ==================>  (35.38, 129.42) 
[2020-04-02 09:35:18,622] {passage_main.py:104} DEBUG - 최단거리 ==================>  (35.1532476, 129.367982) 
[2020-04-02 09:35:18,622] {passage_main.py:104} DEBUG - 최단거리 ==================>  (34.535, 128.8705556) 
[2020-04-02 09:35:18,623] {passage_main.py:104} DEBUG - 최단거리 ==================>  (34.4547222, 128.7394444) 
[2020-04-02 09:35:18,623] {passage_main.py:104} DEBUG - 최단거리 ==================>  (34.4561111, 128.0902778) 
[2020-04-02 09:35:18,623] {passage_main.py:104} DEBUG - 최단거리 ==================>  (34.6016667, 127.9652778) 
[2020-04-02 09:35:18,624] {passage_main.py:104} DEBUG - 최단거리 ==================>  (34.6866667, 127.9438889) 
[2020-04-02 09:35:18,624] {passage_main.py:104} DEBUG - 최단거리 ==================>  (34.7229334, 127.8640104) 
[2020-04-02 09:35:18,624] {passage_main.py:104} DEBUG - 최단거리 ==================>  (34.7333333, 127.8444444) 
[2020-04-02 09:35:18,625] {passage_main.py:104} DEBUG - 최단거리 ==================>  (34.75, 127.83) 
[2020-04-02 09:35:18,625] {passage_main.py:110} DEBUG - ============================최단거리 좌표(지도표시용)============================== 
[2020-04-02 09:35:33,993] {passage_main.py:104} DEBUG - 최단거리 ==================>  (35.38, 129.42) 
[2020-04-02 09:35:33,993] {passage_main.py:104} DEBUG - 최단거리 ==================>  (35.38, 129.42) 
[2020-04-02 09:35:34,011] {passage_main.py:104} DEBUG - 최단거리 ==================>  (35.1532476, 129.367982) 
[2020-04-02 09:35:34,011] {passage_main.py:104} DEBUG - 최단거리 ==================>  (35.1532476, 129.367982) 
[2020-04-02 09:35:34,070] {passage_main.py:104} DEBUG - 최단거리 ==================>  (34.535, 128.8705556) 
[2020-04-02 09:35:34,070] {passage_main.py:104} DEBUG - 최단거리 ==================>  (34.535, 128.8705556) 
[2020-04-02 09:35:34,093] {passage_main.py:104} DEBUG - 최단거리 ==================>  (34.4547222, 128.7394444) 
[2020-04-02 09:35:34,093] {passage_main.py:104} DEBUG - 최단거리 ==================>  (34.4547222, 128.7394444) 
[2020-04-02 09:35:34,122] {passage_main.py:104} DEBUG - 최단거리 ==================>  (34.4561111, 128.0902778) 
[2020-04-02 09:35:34,122] {passage_main.py:104} DEBUG - 최단거리 ==================>  (34.4561111, 128.0902778) 
[2020-04-02 09:35:34,145] {passage_main.py:104} DEBUG - 최단거리 ==================>  (34.6016667, 127.9652778) 
[2020-04-02 09:35:34,145] {passage_main.py:104} DEBUG - 최단거리 ==================>  (34.6016667, 127.9652778) 
[2020-04-02 09:35:34,169] {passage_main.py:104} DEBUG - 최단거리 ==================>  (34.6866667, 127.9438889) 
[2020-04-02 09:35:34,169] {passage_main.py:104} DEBUG - 최단거리 ==================>  (34.6866667, 127.9438889) 
[2020-04-02 09:35:34,216] {passage_main.py:104} DEBUG - 최단거리 ==================>  (34.7229334, 127.8640104) 
[2020-04-02 09:35:34,216] {passage_main.py:104} DEBUG - 최단거리 ==================>  (34.7229334, 127.8640104) 
[2020-04-02 09:35:34,239] {passage_main.py:104} DEBUG - 최단거리 ==================>  (34.7333333, 127.8444444) 
[2020-04-02 09:35:34,239] {passage_main.py:104} DEBUG - 최단거리 ==================>  (34.7333333, 127.8444444) 
[2020-04-02 09:35:34,263] {passage_main.py:104} DEBUG - 최단거리 ==================>  (34.75, 127.83) 
[2020-04-02 09:35:34,263] {passage_main.py:104} DEBUG - 최단거리 ==================>  (34.75, 127.83) 
[2020-04-02 09:35:34,287] {passage_main.py:110} DEBUG - ============================최단거리 좌표(지도표시용)============================== 
[2020-04-02 09:35:34,287] {passage_main.py:110} DEBUG - ============================최단거리 좌표(지도표시용)============================== 
[2020-04-02 09:36:00,012] {passage_main.py:104} DEBUG - 최단거리 ==================>  (35.38, 129.42) 
[2020-04-02 09:36:00,012] {passage_main.py:104} DEBUG - 최단거리 ==================>  (35.38, 129.42) 
[2020-04-02 09:36:00,012] {passage_main.py:104} DEBUG - 최단거리 ==================>  (35.38, 129.42) 
[2020-04-02 09:36:00,098] {passage_main.py:104} DEBUG - 최단거리 ==================>  (35.1532476, 129.367982) 
[2020-04-02 09:36:00,098] {passage_main.py:104} DEBUG - 최단거리 ==================>  (35.1532476, 129.367982) 
[2020-04-02 09:36:00,098] {passage_main.py:104} DEBUG - 최단거리 ==================>  (35.1532476, 129.367982) 
[2020-04-02 09:36:00,651] {passage_main.py:104} DEBUG - 최단거리 ==================>  (34.535, 128.8705556) 
[2020-04-02 09:36:00,651] {passage_main.py:104} DEBUG - 최단거리 ==================>  (34.535, 128.8705556) 
[2020-04-02 09:36:00,651] {passage_main.py:104} DEBUG - 최단거리 ==================>  (34.535, 128.8705556) 
[2020-04-02 09:36:00,739] {passage_main.py:104} DEBUG - 최단거리 ==================>  (34.4547222, 128.7394444) 
[2020-04-02 09:36:00,739] {passage_main.py:104} DEBUG - 최단거리 ==================>  (34.4547222, 128.7394444) 
[2020-04-02 09:36:00,739] {passage_main.py:104} DEBUG - 최단거리 ==================>  (34.4547222, 128.7394444) 
[2020-04-02 09:36:00,804] {passage_main.py:104} DEBUG - 최단거리 ==================>  (34.4561111, 128.0902778) 
[2020-04-02 09:36:00,804] {passage_main.py:104} DEBUG - 최단거리 ==================>  (34.4561111, 128.0902778) 
[2020-04-02 09:36:00,804] {passage_main.py:104} DEBUG - 최단거리 ==================>  (34.4561111, 128.0902778) 
[2020-04-02 09:36:00,904] {passage_main.py:104} DEBUG - 최단거리 ==================>  (34.6016667, 127.9652778) 
[2020-04-02 09:36:00,904] {passage_main.py:104} DEBUG - 최단거리 ==================>  (34.6016667, 127.9652778) 
[2020-04-02 09:36:00,904] {passage_main.py:104} DEBUG - 최단거리 ==================>  (34.6016667, 127.9652778) 
[2020-04-02 09:36:00,962] {passage_main.py:104} DEBUG - 최단거리 ==================>  (34.6866667, 127.9438889) 
[2020-04-02 09:36:00,962] {passage_main.py:104} DEBUG - 최단거리 ==================>  (34.6866667, 127.9438889) 
[2020-04-02 09:36:00,962] {passage_main.py:104} DEBUG - 최단거리 ==================>  (34.6866667, 127.9438889) 
[2020-04-02 09:36:01,045] {passage_main.py:104} DEBUG - 최단거리 ==================>  (34.7229334, 127.8640104) 
[2020-04-02 09:36:01,045] {passage_main.py:104} DEBUG - 최단거리 ==================>  (34.7229334, 127.8640104) 
[2020-04-02 09:36:01,045] {passage_main.py:104} DEBUG - 최단거리 ==================>  (34.7229334, 127.8640104) 
[2020-04-02 09:36:01,121] {passage_main.py:104} DEBUG - 최단거리 ==================>  (34.7333333, 127.8444444) 
[2020-04-02 09:36:01,121] {passage_main.py:104} DEBUG - 최단거리 ==================>  (34.7333333, 127.8444444) 
[2020-04-02 09:36:01,121] {passage_main.py:104} DEBUG - 최단거리 ==================>  (34.7333333, 127.8444444) 
[2020-04-02 09:36:01,174] {passage_main.py:104} DEBUG - 최단거리 ==================>  (34.75, 127.83) 
[2020-04-02 09:36:01,174] {passage_main.py:104} DEBUG - 최단거리 ==================>  (34.75, 127.83) 
[2020-04-02 09:36:01,174] {passage_main.py:104} DEBUG - 최단거리 ==================>  (34.75, 127.83) 
[2020-04-02 09:36:01,255] {passage_main.py:110} DEBUG - ============================최단거리 좌표(지도표시용)============================== 
[2020-04-02 09:36:01,255] {passage_main.py:110} DEBUG - ============================최단거리 좌표(지도표시용)============================== 
[2020-04-02 09:36:01,255] {passage_main.py:110} DEBUG - ============================최단거리 좌표(지도표시용)============================== 
[2020-04-02 09:36:28,430] {selector_events.py:53} DEBUG - Using selector: SelectSelector
[2020-04-02 09:36:28,430] {selector_events.py:53} DEBUG - Using selector: SelectSelector
[2020-04-02 09:36:28,430] {selector_events.py:53} DEBUG - Using selector: SelectSelector
[2020-04-02 09:36:57,061] {passage_main.py:104} DEBUG - 최단거리 ==================>  (35.38, 129.42) 
[2020-04-02 09:36:57,061] {passage_main.py:104} DEBUG - 최단거리 ==================>  (35.1532476, 129.367982) 
[2020-04-02 09:36:57,062] {passage_main.py:104} DEBUG - 최단거리 ==================>  (34.535, 128.8705556) 
[2020-04-02 09:36:57,062] {passage_main.py:104} DEBUG - 최단거리 ==================>  (34.4547222, 128.7394444) 
[2020-04-02 09:36:57,062] {passage_main.py:104} DEBUG - 최단거리 ==================>  (34.4561111, 128.0902778) 
[2020-04-02 09:36:57,063] {passage_main.py:104} DEBUG - 최단거리 ==================>  (34.6016667, 127.9652778) 
[2020-04-02 09:36:57,063] {passage_main.py:104} DEBUG - 최단거리 ==================>  (34.6866667, 127.9438889) 
[2020-04-02 09:36:57,063] {passage_main.py:104} DEBUG - 최단거리 ==================>  (34.7229334, 127.8640104) 
[2020-04-02 09:36:57,063] {passage_main.py:104} DEBUG - 최단거리 ==================>  (34.7333333, 127.8444444) 
[2020-04-02 09:36:57,064] {passage_main.py:104} DEBUG - 최단거리 ==================>  (34.75, 127.83) 
[2020-04-02 09:36:57,064] {passage_main.py:110} DEBUG - ============================최단거리 좌표(지도표시용)============================== 
[2020-04-02 09:36:57,354] {log.py:228} ERROR - Internal Server Error: /esail/passage/12/
Traceback (most recent call last):
  File "C:\PycharmProjects\django_web\venv\lib\site-packages\django\core\handlers\exception.py", line 34, in inner
    response = get_response(request)
  File "C:\PycharmProjects\django_web\venv\lib\site-packages\django\core\handlers\base.py", line 115, in _get_response
    response = self.process_exception_by_middleware(e, request)
  File "C:\PycharmProjects\django_web\venv\lib\site-packages\django\core\handlers\base.py", line 113, in _get_response
    response = wrapped_callback(request, *callback_args, **callback_kwargs)
  File "C:\PycharmProjects\django_web\passage\esail\views.py", line 24, in passage
    final_route,final_route_marker,passage_plan_dict,barriers_list = passage_main.main(passage_id)
  File "C:\PycharmProjects\django_web\passage\esail\algm\passage_main.py", line 252, in main
    final_route_distance = util.make_route_distance(final_route)
  File "C:\PycharmProjects\django_web\passage\esail\algm\util.py", line 253, in make_route_distance
    str_temp = final_route[i] + '(' + calc_distance(final_route[i],final_route[i-1]) +')'
TypeError: can only concatenate tuple (not "str") to tuple
[2020-04-02 09:37:28,931] {passage_main.py:104} DEBUG - 최단거리 ==================>  (35.38, 129.42) 
[2020-04-02 09:37:28,931] {passage_main.py:104} DEBUG - 최단거리 ==================>  (35.38, 129.42) 
[2020-04-02 09:37:28,932] {passage_main.py:104} DEBUG - 최단거리 ==================>  (35.1532476, 129.367982) 
[2020-04-02 09:37:28,932] {passage_main.py:104} DEBUG - 최단거리 ==================>  (35.1532476, 129.367982) 
[2020-04-02 09:37:28,932] {passage_main.py:104} DEBUG - 최단거리 ==================>  (34.535, 128.8705556) 
[2020-04-02 09:37:28,932] {passage_main.py:104} DEBUG - 최단거리 ==================>  (34.535, 128.8705556) 
[2020-04-02 09:37:28,933] {passage_main.py:104} DEBUG - 최단거리 ==================>  (34.4547222, 128.7394444) 
[2020-04-02 09:37:28,933] {passage_main.py:104} DEBUG - 최단거리 ==================>  (34.4547222, 128.7394444) 
[2020-04-02 09:37:28,933] {passage_main.py:104} DEBUG - 최단거리 ==================>  (34.4561111, 128.0902778) 
[2020-04-02 09:37:28,933] {passage_main.py:104} DEBUG - 최단거리 ==================>  (34.4561111, 128.0902778) 
[2020-04-02 09:37:28,934] {passage_main.py:104} DEBUG - 최단거리 ==================>  (34.6016667, 127.9652778) 
[2020-04-02 09:37:28,934] {passage_main.py:104} DEBUG - 최단거리 ==================>  (34.6016667, 127.9652778) 
[2020-04-02 09:37:28,935] {passage_main.py:104} DEBUG - 최단거리 ==================>  (34.6866667, 127.9438889) 
[2020-04-02 09:37:28,935] {passage_main.py:104} DEBUG - 최단거리 ==================>  (34.6866667, 127.9438889) 
[2020-04-02 09:37:28,935] {passage_main.py:104} DEBUG - 최단거리 ==================>  (34.7229334, 127.8640104) 
[2020-04-02 09:37:28,935] {passage_main.py:104} DEBUG - 최단거리 ==================>  (34.7229334, 127.8640104) 
[2020-04-02 09:37:28,936] {passage_main.py:104} DEBUG - 최단거리 ==================>  (34.7333333, 127.8444444) 
[2020-04-02 09:37:28,936] {passage_main.py:104} DEBUG - 최단거리 ==================>  (34.7333333, 127.8444444) 
[2020-04-02 09:37:28,936] {passage_main.py:104} DEBUG - 최단거리 ==================>  (34.75, 127.83) 
[2020-04-02 09:37:28,936] {passage_main.py:104} DEBUG - 최단거리 ==================>  (34.75, 127.83) 
[2020-04-02 09:37:28,937] {passage_main.py:110} DEBUG - ============================최단거리 좌표(지도표시용)============================== 
[2020-04-02 09:37:28,937] {passage_main.py:110} DEBUG - ============================최단거리 좌표(지도표시용)============================== 
[2020-04-02 09:37:29,020] {log.py:228} ERROR - Internal Server Error: /esail/passage/12/
Traceback (most recent call last):
  File "C:\PycharmProjects\django_web\venv\lib\site-packages\django\core\handlers\exception.py", line 34, in inner
    response = get_response(request)
  File "C:\PycharmProjects\django_web\venv\lib\site-packages\django\core\handlers\base.py", line 115, in _get_response
    response = self.process_exception_by_middleware(e, request)
  File "C:\PycharmProjects\django_web\venv\lib\site-packages\django\core\handlers\base.py", line 113, in _get_response
    response = wrapped_callback(request, *callback_args, **callback_kwargs)
  File "C:\PycharmProjects\django_web\passage\esail\views.py", line 24, in passage
    final_route,final_route_marker,passage_plan_dict,barriers_list = passage_main.main(passage_id)
  File "C:\PycharmProjects\django_web\passage\esail\algm\passage_main.py", line 252, in main
    final_route_distance = util.make_route_distance(final_route)
  File "C:\PycharmProjects\django_web\passage\esail\algm\util.py", line 253, in make_route_distance
    str_temp = final_route[i] + '(' + calc_distance(final_route[i],final_route[i-1]) +')'
TypeError: can only concatenate tuple (not "str") to tuple
[2020-04-02 09:37:29,020] {log.py:228} ERROR - Internal Server Error: /esail/passage/12/
Traceback (most recent call last):
  File "C:\PycharmProjects\django_web\venv\lib\site-packages\django\core\handlers\exception.py", line 34, in inner
    response = get_response(request)
  File "C:\PycharmProjects\django_web\venv\lib\site-packages\django\core\handlers\base.py", line 115, in _get_response
    response = self.process_exception_by_middleware(e, request)
  File "C:\PycharmProjects\django_web\venv\lib\site-packages\django\core\handlers\base.py", line 113, in _get_response
    response = wrapped_callback(request, *callback_args, **callback_kwargs)
  File "C:\PycharmProjects\django_web\passage\esail\views.py", line 24, in passage
    final_route,final_route_marker,passage_plan_dict,barriers_list = passage_main.main(passage_id)
  File "C:\PycharmProjects\django_web\passage\esail\algm\passage_main.py", line 252, in main
    final_route_distance = util.make_route_distance(final_route)
  File "C:\PycharmProjects\django_web\passage\esail\algm\util.py", line 253, in make_route_distance
    str_temp = final_route[i] + '(' + calc_distance(final_route[i],final_route[i-1]) +')'
TypeError: can only concatenate tuple (not "str") to tuple
[2020-04-02 09:37:38,442] {passage_main.py:104} DEBUG - 최단거리 ==================>  (35.38, 129.42) 
[2020-04-02 09:37:38,442] {passage_main.py:104} DEBUG - 최단거리 ==================>  (35.38, 129.42) 
[2020-04-02 09:37:38,442] {passage_main.py:104} DEBUG - 최단거리 ==================>  (35.38, 129.42) 
[2020-04-02 09:37:38,444] {passage_main.py:104} DEBUG - 최단거리 ==================>  (35.1532476, 129.367982) 
[2020-04-02 09:37:38,444] {passage_main.py:104} DEBUG - 최단거리 ==================>  (35.1532476, 129.367982) 
[2020-04-02 09:37:38,444] {passage_main.py:104} DEBUG - 최단거리 ==================>  (35.1532476, 129.367982) 
[2020-04-02 09:37:38,445] {passage_main.py:104} DEBUG - 최단거리 ==================>  (34.535, 128.8705556) 
[2020-04-02 09:37:38,445] {passage_main.py:104} DEBUG - 최단거리 ==================>  (34.535, 128.8705556) 
[2020-04-02 09:37:38,445] {passage_main.py:104} DEBUG - 최단거리 ==================>  (34.535, 128.8705556) 
[2020-04-02 09:37:38,447] {passage_main.py:104} DEBUG - 최단거리 ==================>  (34.4547222, 128.7394444) 
[2020-04-02 09:37:38,447] {passage_main.py:104} DEBUG - 최단거리 ==================>  (34.4547222, 128.7394444) 
[2020-04-02 09:37:38,447] {passage_main.py:104} DEBUG - 최단거리 ==================>  (34.4547222, 128.7394444) 
[2020-04-02 09:37:38,449] {passage_main.py:104} DEBUG - 최단거리 ==================>  (34.4561111, 128.0902778) 
[2020-04-02 09:37:38,449] {passage_main.py:104} DEBUG - 최단거리 ==================>  (34.4561111, 128.0902778) 
[2020-04-02 09:37:38,449] {passage_main.py:104} DEBUG - 최단거리 ==================>  (34.4561111, 128.0902778) 
[2020-04-02 09:37:38,451] {passage_main.py:104} DEBUG - 최단거리 ==================>  (34.6016667, 127.9652778) 
[2020-04-02 09:37:38,451] {passage_main.py:104} DEBUG - 최단거리 ==================>  (34.6016667, 127.9652778) 
[2020-04-02 09:37:38,451] {passage_main.py:104} DEBUG - 최단거리 ==================>  (34.6016667, 127.9652778) 
[2020-04-02 09:37:38,452] {passage_main.py:104} DEBUG - 최단거리 ==================>  (34.6866667, 127.9438889) 
[2020-04-02 09:37:38,452] {passage_main.py:104} DEBUG - 최단거리 ==================>  (34.6866667, 127.9438889) 
[2020-04-02 09:37:38,452] {passage_main.py:104} DEBUG - 최단거리 ==================>  (34.6866667, 127.9438889) 
[2020-04-02 09:37:38,453] {passage_main.py:104} DEBUG - 최단거리 ==================>  (34.7229334, 127.8640104) 
[2020-04-02 09:37:38,453] {passage_main.py:104} DEBUG - 최단거리 ==================>  (34.7229334, 127.8640104) 
[2020-04-02 09:37:38,453] {passage_main.py:104} DEBUG - 최단거리 ==================>  (34.7229334, 127.8640104) 
[2020-04-02 09:37:38,454] {passage_main.py:104} DEBUG - 최단거리 ==================>  (34.7333333, 127.8444444) 
[2020-04-02 09:37:38,454] {passage_main.py:104} DEBUG - 최단거리 ==================>  (34.7333333, 127.8444444) 
[2020-04-02 09:37:38,454] {passage_main.py:104} DEBUG - 최단거리 ==================>  (34.7333333, 127.8444444) 
[2020-04-02 09:37:38,454] {passage_main.py:104} DEBUG - 최단거리 ==================>  (34.75, 127.83) 
[2020-04-02 09:37:38,454] {passage_main.py:104} DEBUG - 최단거리 ==================>  (34.75, 127.83) 
[2020-04-02 09:37:38,454] {passage_main.py:104} DEBUG - 최단거리 ==================>  (34.75, 127.83) 
[2020-04-02 09:37:38,456] {passage_main.py:110} DEBUG - ============================최단거리 좌표(지도표시용)============================== 
[2020-04-02 09:37:38,456] {passage_main.py:110} DEBUG - ============================최단거리 좌표(지도표시용)============================== 
[2020-04-02 09:37:38,456] {passage_main.py:110} DEBUG - ============================최단거리 좌표(지도표시용)============================== 
[2020-04-02 09:37:38,539] {log.py:228} ERROR - Internal Server Error: /esail/passage/12/
Traceback (most recent call last):
  File "C:\PycharmProjects\django_web\venv\lib\site-packages\django\core\handlers\exception.py", line 34, in inner
    response = get_response(request)
  File "C:\PycharmProjects\django_web\venv\lib\site-packages\django\core\handlers\base.py", line 115, in _get_response
    response = self.process_exception_by_middleware(e, request)
  File "C:\PycharmProjects\django_web\venv\lib\site-packages\django\core\handlers\base.py", line 113, in _get_response
    response = wrapped_callback(request, *callback_args, **callback_kwargs)
  File "C:\PycharmProjects\django_web\passage\esail\views.py", line 24, in passage
    final_route,final_route_marker,passage_plan_dict,barriers_list = passage_main.main(passage_id)
  File "C:\PycharmProjects\django_web\passage\esail\algm\passage_main.py", line 252, in main
    final_route_distance = util.make_route_distance(final_route)
  File "C:\PycharmProjects\django_web\passage\esail\algm\util.py", line 253, in make_route_distance
    str_temp = final_route[i] + '(' + calc_distance(final_route[i],final_route[i-1]) +')'
TypeError: can only concatenate tuple (not "str") to tuple
[2020-04-02 09:37:38,539] {log.py:228} ERROR - Internal Server Error: /esail/passage/12/
Traceback (most recent call last):
  File "C:\PycharmProjects\django_web\venv\lib\site-packages\django\core\handlers\exception.py", line 34, in inner
    response = get_response(request)
  File "C:\PycharmProjects\django_web\venv\lib\site-packages\django\core\handlers\base.py", line 115, in _get_response
    response = self.process_exception_by_middleware(e, request)
  File "C:\PycharmProjects\django_web\venv\lib\site-packages\django\core\handlers\base.py", line 113, in _get_response
    response = wrapped_callback(request, *callback_args, **callback_kwargs)
  File "C:\PycharmProjects\django_web\passage\esail\views.py", line 24, in passage
    final_route,final_route_marker,passage_plan_dict,barriers_list = passage_main.main(passage_id)
  File "C:\PycharmProjects\django_web\passage\esail\algm\passage_main.py", line 252, in main
    final_route_distance = util.make_route_distance(final_route)
  File "C:\PycharmProjects\django_web\passage\esail\algm\util.py", line 253, in make_route_distance
    str_temp = final_route[i] + '(' + calc_distance(final_route[i],final_route[i-1]) +')'
TypeError: can only concatenate tuple (not "str") to tuple
[2020-04-02 09:37:38,539] {log.py:228} ERROR - Internal Server Error: /esail/passage/12/
Traceback (most recent call last):
  File "C:\PycharmProjects\django_web\venv\lib\site-packages\django\core\handlers\exception.py", line 34, in inner
    response = get_response(request)
  File "C:\PycharmProjects\django_web\venv\lib\site-packages\django\core\handlers\base.py", line 115, in _get_response
    response = self.process_exception_by_middleware(e, request)
  File "C:\PycharmProjects\django_web\venv\lib\site-packages\django\core\handlers\base.py", line 113, in _get_response
    response = wrapped_callback(request, *callback_args, **callback_kwargs)
  File "C:\PycharmProjects\django_web\passage\esail\views.py", line 24, in passage
    final_route,final_route_marker,passage_plan_dict,barriers_list = passage_main.main(passage_id)
  File "C:\PycharmProjects\django_web\passage\esail\algm\passage_main.py", line 252, in main
    final_route_distance = util.make_route_distance(final_route)
  File "C:\PycharmProjects\django_web\passage\esail\algm\util.py", line 253, in make_route_distance
    str_temp = final_route[i] + '(' + calc_distance(final_route[i],final_route[i-1]) +')'
TypeError: can only concatenate tuple (not "str") to tuple
[2020-04-02 09:37:43,161] {passage_main.py:104} DEBUG - 최단거리 ==================>  (35.38, 129.42) 
[2020-04-02 09:37:43,161] {passage_main.py:104} DEBUG - 최단거리 ==================>  (35.38, 129.42) 
[2020-04-02 09:37:43,161] {passage_main.py:104} DEBUG - 최단거리 ==================>  (35.38, 129.42) 
[2020-04-02 09:37:43,161] {passage_main.py:104} DEBUG - 최단거리 ==================>  (35.38, 129.42) 
[2020-04-02 09:37:43,162] {passage_main.py:104} DEBUG - 최단거리 ==================>  (35.1532476, 129.367982) 
[2020-04-02 09:37:43,162] {passage_main.py:104} DEBUG - 최단거리 ==================>  (35.1532476, 129.367982) 
[2020-04-02 09:37:43,162] {passage_main.py:104} DEBUG - 최단거리 ==================>  (35.1532476, 129.367982) 
[2020-04-02 09:37:43,162] {passage_main.py:104} DEBUG - 최단거리 ==================>  (35.1532476, 129.367982) 
[2020-04-02 09:37:43,164] {passage_main.py:104} DEBUG - 최단거리 ==================>  (34.535, 128.8705556) 
[2020-04-02 09:37:43,164] {passage_main.py:104} DEBUG - 최단거리 ==================>  (34.535, 128.8705556) 
[2020-04-02 09:37:43,164] {passage_main.py:104} DEBUG - 최단거리 ==================>  (34.535, 128.8705556) 
[2020-04-02 09:37:43,164] {passage_main.py:104} DEBUG - 최단거리 ==================>  (34.535, 128.8705556) 
[2020-04-02 09:37:43,165] {passage_main.py:104} DEBUG - 최단거리 ==================>  (34.4547222, 128.7394444) 
[2020-04-02 09:37:43,165] {passage_main.py:104} DEBUG - 최단거리 ==================>  (34.4547222, 128.7394444) 
[2020-04-02 09:37:43,165] {passage_main.py:104} DEBUG - 최단거리 ==================>  (34.4547222, 128.7394444) 
[2020-04-02 09:37:43,165] {passage_main.py:104} DEBUG - 최단거리 ==================>  (34.4547222, 128.7394444) 
[2020-04-02 09:37:43,166] {passage_main.py:104} DEBUG - 최단거리 ==================>  (34.4561111, 128.0902778) 
[2020-04-02 09:37:43,166] {passage_main.py:104} DEBUG - 최단거리 ==================>  (34.4561111, 128.0902778) 
[2020-04-02 09:37:43,166] {passage_main.py:104} DEBUG - 최단거리 ==================>  (34.4561111, 128.0902778) 
[2020-04-02 09:37:43,166] {passage_main.py:104} DEBUG - 최단거리 ==================>  (34.4561111, 128.0902778) 
[2020-04-02 09:37:43,168] {passage_main.py:104} DEBUG - 최단거리 ==================>  (34.6016667, 127.9652778) 
[2020-04-02 09:37:43,168] {passage_main.py:104} DEBUG - 최단거리 ==================>  (34.6016667, 127.9652778) 
[2020-04-02 09:37:43,168] {passage_main.py:104} DEBUG - 최단거리 ==================>  (34.6016667, 127.9652778) 
[2020-04-02 09:37:43,168] {passage_main.py:104} DEBUG - 최단거리 ==================>  (34.6016667, 127.9652778) 
[2020-04-02 09:37:43,169] {passage_main.py:104} DEBUG - 최단거리 ==================>  (34.6866667, 127.9438889) 
[2020-04-02 09:37:43,169] {passage_main.py:104} DEBUG - 최단거리 ==================>  (34.6866667, 127.9438889) 
[2020-04-02 09:37:43,169] {passage_main.py:104} DEBUG - 최단거리 ==================>  (34.6866667, 127.9438889) 
[2020-04-02 09:37:43,169] {passage_main.py:104} DEBUG - 최단거리 ==================>  (34.6866667, 127.9438889) 
[2020-04-02 09:37:43,172] {passage_main.py:104} DEBUG - 최단거리 ==================>  (34.7229334, 127.8640104) 
[2020-04-02 09:37:43,172] {passage_main.py:104} DEBUG - 최단거리 ==================>  (34.7229334, 127.8640104) 
[2020-04-02 09:37:43,172] {passage_main.py:104} DEBUG - 최단거리 ==================>  (34.7229334, 127.8640104) 
[2020-04-02 09:37:43,172] {passage_main.py:104} DEBUG - 최단거리 ==================>  (34.7229334, 127.8640104) 
[2020-04-02 09:37:43,174] {passage_main.py:104} DEBUG - 최단거리 ==================>  (34.7333333, 127.8444444) 
[2020-04-02 09:37:43,174] {passage_main.py:104} DEBUG - 최단거리 ==================>  (34.7333333, 127.8444444) 
[2020-04-02 09:37:43,174] {passage_main.py:104} DEBUG - 최단거리 ==================>  (34.7333333, 127.8444444) 
[2020-04-02 09:37:43,174] {passage_main.py:104} DEBUG - 최단거리 ==================>  (34.7333333, 127.8444444) 
[2020-04-02 09:37:43,175] {passage_main.py:104} DEBUG - 최단거리 ==================>  (34.75, 127.83) 
[2020-04-02 09:37:43,175] {passage_main.py:104} DEBUG - 최단거리 ==================>  (34.75, 127.83) 
[2020-04-02 09:37:43,175] {passage_main.py:104} DEBUG - 최단거리 ==================>  (34.75, 127.83) 
[2020-04-02 09:37:43,175] {passage_main.py:104} DEBUG - 최단거리 ==================>  (34.75, 127.83) 
[2020-04-02 09:37:43,176] {passage_main.py:110} DEBUG - ============================최단거리 좌표(지도표시용)============================== 
[2020-04-02 09:37:43,176] {passage_main.py:110} DEBUG - ============================최단거리 좌표(지도표시용)============================== 
[2020-04-02 09:37:43,176] {passage_main.py:110} DEBUG - ============================최단거리 좌표(지도표시용)============================== 
[2020-04-02 09:37:43,176] {passage_main.py:110} DEBUG - ============================최단거리 좌표(지도표시용)============================== 
[2020-04-02 09:37:43,261] {log.py:228} ERROR - Internal Server Error: /esail/passage/12/
Traceback (most recent call last):
  File "C:\PycharmProjects\django_web\venv\lib\site-packages\django\core\handlers\exception.py", line 34, in inner
    response = get_response(request)
  File "C:\PycharmProjects\django_web\venv\lib\site-packages\django\core\handlers\base.py", line 115, in _get_response
    response = self.process_exception_by_middleware(e, request)
  File "C:\PycharmProjects\django_web\venv\lib\site-packages\django\core\handlers\base.py", line 113, in _get_response
    response = wrapped_callback(request, *callback_args, **callback_kwargs)
  File "C:\PycharmProjects\django_web\passage\esail\views.py", line 24, in passage
    final_route,final_route_marker,passage_plan_dict,barriers_list = passage_main.main(passage_id)
  File "C:\PycharmProjects\django_web\passage\esail\algm\passage_main.py", line 252, in main
    final_route_distance = util.make_route_distance(final_route)
  File "C:\PycharmProjects\django_web\passage\esail\algm\util.py", line 253, in make_route_distance
    str_temp = final_route[i] + '(' + calc_distance(final_route[i],final_route[i-1]) +')'
TypeError: can only concatenate tuple (not "str") to tuple
[2020-04-02 09:37:43,261] {log.py:228} ERROR - Internal Server Error: /esail/passage/12/
Traceback (most recent call last):
  File "C:\PycharmProjects\django_web\venv\lib\site-packages\django\core\handlers\exception.py", line 34, in inner
    response = get_response(request)
  File "C:\PycharmProjects\django_web\venv\lib\site-packages\django\core\handlers\base.py", line 115, in _get_response
    response = self.process_exception_by_middleware(e, request)
  File "C:\PycharmProjects\django_web\venv\lib\site-packages\django\core\handlers\base.py", line 113, in _get_response
    response = wrapped_callback(request, *callback_args, **callback_kwargs)
  File "C:\PycharmProjects\django_web\passage\esail\views.py", line 24, in passage
    final_route,final_route_marker,passage_plan_dict,barriers_list = passage_main.main(passage_id)
  File "C:\PycharmProjects\django_web\passage\esail\algm\passage_main.py", line 252, in main
    final_route_distance = util.make_route_distance(final_route)
  File "C:\PycharmProjects\django_web\passage\esail\algm\util.py", line 253, in make_route_distance
    str_temp = final_route[i] + '(' + calc_distance(final_route[i],final_route[i-1]) +')'
TypeError: can only concatenate tuple (not "str") to tuple
[2020-04-02 09:37:43,261] {log.py:228} ERROR - Internal Server Error: /esail/passage/12/
Traceback (most recent call last):
  File "C:\PycharmProjects\django_web\venv\lib\site-packages\django\core\handlers\exception.py", line 34, in inner
    response = get_response(request)
  File "C:\PycharmProjects\django_web\venv\lib\site-packages\django\core\handlers\base.py", line 115, in _get_response
    response = self.process_exception_by_middleware(e, request)
  File "C:\PycharmProjects\django_web\venv\lib\site-packages\django\core\handlers\base.py", line 113, in _get_response
    response = wrapped_callback(request, *callback_args, **callback_kwargs)
  File "C:\PycharmProjects\django_web\passage\esail\views.py", line 24, in passage
    final_route,final_route_marker,passage_plan_dict,barriers_list = passage_main.main(passage_id)
  File "C:\PycharmProjects\django_web\passage\esail\algm\passage_main.py", line 252, in main
    final_route_distance = util.make_route_distance(final_route)
  File "C:\PycharmProjects\django_web\passage\esail\algm\util.py", line 253, in make_route_distance
    str_temp = final_route[i] + '(' + calc_distance(final_route[i],final_route[i-1]) +')'
TypeError: can only concatenate tuple (not "str") to tuple
[2020-04-02 09:37:43,261] {log.py:228} ERROR - Internal Server Error: /esail/passage/12/
Traceback (most recent call last):
  File "C:\PycharmProjects\django_web\venv\lib\site-packages\django\core\handlers\exception.py", line 34, in inner
    response = get_response(request)
  File "C:\PycharmProjects\django_web\venv\lib\site-packages\django\core\handlers\base.py", line 115, in _get_response
    response = self.process_exception_by_middleware(e, request)
  File "C:\PycharmProjects\django_web\venv\lib\site-packages\django\core\handlers\base.py", line 113, in _get_response
    response = wrapped_callback(request, *callback_args, **callback_kwargs)
  File "C:\PycharmProjects\django_web\passage\esail\views.py", line 24, in passage
    final_route,final_route_marker,passage_plan_dict,barriers_list = passage_main.main(passage_id)
  File "C:\PycharmProjects\django_web\passage\esail\algm\passage_main.py", line 252, in main
    final_route_distance = util.make_route_distance(final_route)
  File "C:\PycharmProjects\django_web\passage\esail\algm\util.py", line 253, in make_route_distance
    str_temp = final_route[i] + '(' + calc_distance(final_route[i],final_route[i-1]) +')'
TypeError: can only concatenate tuple (not "str") to tuple
[2020-04-02 09:38:01,238] {autoreload.py:222} INFO - C:\PycharmProjects\django_web\passage\esail\algm\util.py changed, reloading.
[2020-04-02 09:38:01,238] {autoreload.py:222} INFO - C:\PycharmProjects\django_web\passage\esail\algm\util.py changed, reloading.
[2020-04-02 09:38:01,238] {autoreload.py:222} INFO - C:\PycharmProjects\django_web\passage\esail\algm\util.py changed, reloading.
[2020-04-02 09:38:01,238] {autoreload.py:222} INFO - C:\PycharmProjects\django_web\passage\esail\algm\util.py changed, reloading.
[2020-04-02 09:38:01,241] {selector_events.py:53} DEBUG - Using selector: SelectSelector
[2020-04-02 09:38:01,241] {selector_events.py:53} DEBUG - Using selector: SelectSelector
[2020-04-02 09:38:01,241] {selector_events.py:53} DEBUG - Using selector: SelectSelector
[2020-04-02 09:38:01,241] {selector_events.py:53} DEBUG - Using selector: SelectSelector
[2020-04-02 09:38:04,296] {passage_main.py:104} DEBUG - 최단거리 ==================>  (35.38, 129.42) 
[2020-04-02 09:38:04,297] {passage_main.py:104} DEBUG - 최단거리 ==================>  (35.1532476, 129.367982) 
[2020-04-02 09:38:04,297] {passage_main.py:104} DEBUG - 최단거리 ==================>  (34.535, 128.8705556) 
[2020-04-02 09:38:04,297] {passage_main.py:104} DEBUG - 최단거리 ==================>  (34.4547222, 128.7394444) 
[2020-04-02 09:38:04,298] {passage_main.py:104} DEBUG - 최단거리 ==================>  (34.4561111, 128.0902778) 
[2020-04-02 09:38:04,298] {passage_main.py:104} DEBUG - 최단거리 ==================>  (34.6016667, 127.9652778) 
[2020-04-02 09:38:04,298] {passage_main.py:104} DEBUG - 최단거리 ==================>  (34.6866667, 127.9438889) 
[2020-04-02 09:38:04,299] {passage_main.py:104} DEBUG - 최단거리 ==================>  (34.7229334, 127.8640104) 
[2020-04-02 09:38:04,299] {passage_main.py:104} DEBUG - 최단거리 ==================>  (34.7333333, 127.8444444) 
[2020-04-02 09:38:04,299] {passage_main.py:104} DEBUG - 최단거리 ==================>  (34.75, 127.83) 
[2020-04-02 09:38:04,299] {passage_main.py:110} DEBUG - ============================최단거리 좌표(지도표시용)============================== 
[2020-04-02 09:38:04,576] {log.py:228} ERROR - Internal Server Error: /esail/passage/12/
Traceback (most recent call last):
  File "C:\PycharmProjects\django_web\venv\lib\site-packages\django\core\handlers\exception.py", line 34, in inner
    response = get_response(request)
  File "C:\PycharmProjects\django_web\venv\lib\site-packages\django\core\handlers\base.py", line 115, in _get_response
    response = self.process_exception_by_middleware(e, request)
  File "C:\PycharmProjects\django_web\venv\lib\site-packages\django\core\handlers\base.py", line 113, in _get_response
    response = wrapped_callback(request, *callback_args, **callback_kwargs)
  File "C:\PycharmProjects\django_web\passage\esail\views.py", line 24, in passage
    final_route,final_route_marker,passage_plan_dict,barriers_list = passage_main.main(passage_id)
  File "C:\PycharmProjects\django_web\passage\esail\algm\passage_main.py", line 252, in main
    final_route_distance = util.make_route_distance(final_route)
  File "C:\PycharmProjects\django_web\passage\esail\algm\util.py", line 256, in make_route_distance
    str_temp = final_route[i] + '(' + calc_distance(final_route[i],final_route[i-1]) +')'
TypeError: can only concatenate tuple (not "str") to tuple
[2020-04-02 09:38:22,668] {autoreload.py:222} INFO - C:\PycharmProjects\django_web\passage\esail\algm\util.py changed, reloading.
[2020-04-02 09:38:22,669] {selector_events.py:53} DEBUG - Using selector: SelectSelector
[2020-04-02 09:39:38,594] {passage_main.py:104} DEBUG - 최단거리 ==================>  (35.38, 129.42) 
[2020-04-02 09:39:38,594] {passage_main.py:104} DEBUG - 최단거리 ==================>  (35.1532476, 129.367982) 
[2020-04-02 09:39:38,594] {passage_main.py:104} DEBUG - 최단거리 ==================>  (34.535, 128.8705556) 
[2020-04-02 09:39:38,595] {passage_main.py:104} DEBUG - 최단거리 ==================>  (34.4547222, 128.7394444) 
[2020-04-02 09:39:38,595] {passage_main.py:104} DEBUG - 최단거리 ==================>  (34.4561111, 128.0902778) 
[2020-04-02 09:39:38,595] {passage_main.py:104} DEBUG - 최단거리 ==================>  (34.6016667, 127.9652778) 
[2020-04-02 09:39:38,596] {passage_main.py:104} DEBUG - 최단거리 ==================>  (34.6866667, 127.9438889) 
[2020-04-02 09:39:38,596] {passage_main.py:104} DEBUG - 최단거리 ==================>  (34.7229334, 127.8640104) 
[2020-04-02 09:39:38,596] {passage_main.py:104} DEBUG - 최단거리 ==================>  (34.7333333, 127.8444444) 
[2020-04-02 09:39:38,597] {passage_main.py:104} DEBUG - 최단거리 ==================>  (34.75, 127.83) 
[2020-04-02 09:39:38,597] {passage_main.py:110} DEBUG - ============================최단거리 좌표(지도표시용)============================== 
[2020-04-02 09:39:38,879] {log.py:228} ERROR - Internal Server Error: /esail/passage/12/
Traceback (most recent call last):
  File "C:\PycharmProjects\django_web\venv\lib\site-packages\django\core\handlers\exception.py", line 34, in inner
    response = get_response(request)
  File "C:\PycharmProjects\django_web\venv\lib\site-packages\django\core\handlers\base.py", line 115, in _get_response
    response = self.process_exception_by_middleware(e, request)
  File "C:\PycharmProjects\django_web\venv\lib\site-packages\django\core\handlers\base.py", line 113, in _get_response
    response = wrapped_callback(request, *callback_args, **callback_kwargs)
  File "C:\PycharmProjects\django_web\passage\esail\views.py", line 24, in passage
    final_route,final_route_marker,passage_plan_dict,barriers_list = passage_main.main(passage_id)
  File "C:\PycharmProjects\django_web\passage\esail\algm\passage_main.py", line 252, in main
    final_route_distance = util.make_route_distance(final_route)
  File "C:\PycharmProjects\django_web\passage\esail\algm\util.py", line 256, in make_route_distance
    str_temp = str(final_route[i]) + '(' + calc_distance(final_route[i],final_route[i-1]) +')'
TypeError: can only concatenate str (not "float") to str
[2020-04-02 09:40:17,670] {autoreload.py:222} INFO - C:\PycharmProjects\django_web\passage\esail\algm\util.py changed, reloading.
[2020-04-02 09:40:17,671] {selector_events.py:53} DEBUG - Using selector: SelectSelector
[2020-04-02 09:40:24,722] {passage_main.py:104} DEBUG - 최단거리 ==================>  (35.38, 129.42) 
[2020-04-02 09:40:24,722] {passage_main.py:104} DEBUG - 최단거리 ==================>  (35.1532476, 129.367982) 
[2020-04-02 09:40:24,722] {passage_main.py:104} DEBUG - 최단거리 ==================>  (34.535, 128.8705556) 
[2020-04-02 09:40:24,723] {passage_main.py:104} DEBUG - 최단거리 ==================>  (34.4547222, 128.7394444) 
[2020-04-02 09:40:24,723] {passage_main.py:104} DEBUG - 최단거리 ==================>  (34.4561111, 128.0902778) 
[2020-04-02 09:40:24,723] {passage_main.py:104} DEBUG - 최단거리 ==================>  (34.6016667, 127.9652778) 
[2020-04-02 09:40:24,724] {passage_main.py:104} DEBUG - 최단거리 ==================>  (34.6866667, 127.9438889) 
[2020-04-02 09:40:24,724] {passage_main.py:104} DEBUG - 최단거리 ==================>  (34.7229334, 127.8640104) 
[2020-04-02 09:40:24,725] {passage_main.py:104} DEBUG - 최단거리 ==================>  (34.7333333, 127.8444444) 
[2020-04-02 09:40:24,725] {passage_main.py:104} DEBUG - 최단거리 ==================>  (34.75, 127.83) 
[2020-04-02 09:40:24,728] {passage_main.py:110} DEBUG - ============================최단거리 좌표(지도표시용)============================== 
[2020-04-02 09:40:25,004] {log.py:228} ERROR - Internal Server Error: /esail/passage/12/
Traceback (most recent call last):
  File "C:\PycharmProjects\django_web\venv\lib\site-packages\django\core\handlers\exception.py", line 34, in inner
    response = get_response(request)
  File "C:\PycharmProjects\django_web\venv\lib\site-packages\django\core\handlers\base.py", line 115, in _get_response
    response = self.process_exception_by_middleware(e, request)
  File "C:\PycharmProjects\django_web\venv\lib\site-packages\django\core\handlers\base.py", line 113, in _get_response
    response = wrapped_callback(request, *callback_args, **callback_kwargs)
  File "C:\PycharmProjects\django_web\passage\esail\views.py", line 24, in passage
    final_route,final_route_marker,passage_plan_dict,barriers_list = passage_main.main(passage_id)
  File "C:\PycharmProjects\django_web\passage\esail\algm\passage_main.py", line 252, in main
    final_route_distance = util.make_route_distance(final_route)
  File "C:\PycharmProjects\django_web\passage\esail\algm\util.py", line 256, in make_route_distance
    str_temp = str(final_route[i][0]) +  str(final_route[i][0])  + '(' + calc_distance(final_route[i],final_route[i-1]) +')'
TypeError: can only concatenate str (not "float") to str
[2020-04-02 09:41:37,689] {autoreload.py:222} INFO - C:\PycharmProjects\django_web\passage\esail\algm\util.py changed, reloading.
[2020-04-02 09:41:37,692] {selector_events.py:53} DEBUG - Using selector: SelectSelector
[2020-04-02 09:41:42,878] {passage_main.py:104} DEBUG - 최단거리 ==================>  (35.38, 129.42) 
[2020-04-02 09:41:42,878] {passage_main.py:104} DEBUG - 최단거리 ==================>  (35.1532476, 129.367982) 
[2020-04-02 09:41:42,879] {passage_main.py:104} DEBUG - 최단거리 ==================>  (34.535, 128.8705556) 
[2020-04-02 09:41:42,879] {passage_main.py:104} DEBUG - 최단거리 ==================>  (34.4547222, 128.7394444) 
[2020-04-02 09:41:42,879] {passage_main.py:104} DEBUG - 최단거리 ==================>  (34.4561111, 128.0902778) 
[2020-04-02 09:41:42,880] {passage_main.py:104} DEBUG - 최단거리 ==================>  (34.6016667, 127.9652778) 
[2020-04-02 09:41:42,880] {passage_main.py:104} DEBUG - 최단거리 ==================>  (34.6866667, 127.9438889) 
[2020-04-02 09:41:42,881] {passage_main.py:104} DEBUG - 최단거리 ==================>  (34.7229334, 127.8640104) 
[2020-04-02 09:41:42,881] {passage_main.py:104} DEBUG - 최단거리 ==================>  (34.7333333, 127.8444444) 
[2020-04-02 09:41:42,881] {passage_main.py:104} DEBUG - 최단거리 ==================>  (34.75, 127.83) 
[2020-04-02 09:41:42,882] {passage_main.py:110} DEBUG - ============================최단거리 좌표(지도표시용)============================== 
[2020-04-02 09:43:12,984] {autoreload.py:222} INFO - C:\PycharmProjects\django_web\passage\esail\algm\util.py changed, reloading.
[2020-04-02 09:43:12,985] {selector_events.py:53} DEBUG - Using selector: SelectSelector
[2020-04-02 09:43:15,485] {passage_main.py:104} DEBUG - 최단거리 ==================>  (35.38, 129.42) 
[2020-04-02 09:43:15,486] {passage_main.py:104} DEBUG - 최단거리 ==================>  (35.1532476, 129.367982) 
[2020-04-02 09:43:15,486] {passage_main.py:104} DEBUG - 최단거리 ==================>  (34.535, 128.8705556) 
[2020-04-02 09:43:15,487] {passage_main.py:104} DEBUG - 최단거리 ==================>  (34.4547222, 128.7394444) 
[2020-04-02 09:43:15,487] {passage_main.py:104} DEBUG - 최단거리 ==================>  (34.4561111, 128.0902778) 
[2020-04-02 09:43:15,488] {passage_main.py:104} DEBUG - 최단거리 ==================>  (34.6016667, 127.9652778) 
[2020-04-02 09:43:15,488] {passage_main.py:104} DEBUG - 최단거리 ==================>  (34.6866667, 127.9438889) 
[2020-04-02 09:43:15,488] {passage_main.py:104} DEBUG - 최단거리 ==================>  (34.7229334, 127.8640104) 
[2020-04-02 09:43:15,489] {passage_main.py:104} DEBUG - 최단거리 ==================>  (34.7333333, 127.8444444) 
[2020-04-02 09:43:15,489] {passage_main.py:104} DEBUG - 최단거리 ==================>  (34.75, 127.83) 
[2020-04-02 09:43:15,489] {passage_main.py:110} DEBUG - ============================최단거리 좌표(지도표시용)============================== 
[2020-04-02 09:44:30,571] {autoreload.py:222} INFO - C:\PycharmProjects\django_web\passage\esail\algm\util.py changed, reloading.
[2020-04-02 09:44:30,578] {selector_events.py:53} DEBUG - Using selector: SelectSelector
[2020-04-02 09:44:33,131] {passage_main.py:104} DEBUG - 최단거리 ==================>  (35.38, 129.42) 
[2020-04-02 09:44:33,132] {passage_main.py:104} DEBUG - 최단거리 ==================>  (35.1532476, 129.367982) 
[2020-04-02 09:44:33,132] {passage_main.py:104} DEBUG - 최단거리 ==================>  (34.535, 128.8705556) 
[2020-04-02 09:44:33,133] {passage_main.py:104} DEBUG - 최단거리 ==================>  (34.4547222, 128.7394444) 
[2020-04-02 09:44:33,133] {passage_main.py:104} DEBUG - 최단거리 ==================>  (34.4561111, 128.0902778) 
[2020-04-02 09:44:33,133] {passage_main.py:104} DEBUG - 최단거리 ==================>  (34.6016667, 127.9652778) 
[2020-04-02 09:44:33,133] {passage_main.py:104} DEBUG - 최단거리 ==================>  (34.6866667, 127.9438889) 
[2020-04-02 09:44:33,134] {passage_main.py:104} DEBUG - 최단거리 ==================>  (34.7229334, 127.8640104) 
[2020-04-02 09:44:33,134] {passage_main.py:104} DEBUG - 최단거리 ==================>  (34.7333333, 127.8444444) 
[2020-04-02 09:44:33,134] {passage_main.py:104} DEBUG - 최단거리 ==================>  (34.75, 127.83) 
[2020-04-02 09:44:33,135] {passage_main.py:110} DEBUG - ============================최단거리 좌표(지도표시용)============================== 
[2020-04-02 09:44:53,624] {autoreload.py:222} INFO - C:\PycharmProjects\django_web\passage\esail\algm\util.py changed, reloading.
[2020-04-02 09:44:53,627] {selector_events.py:53} DEBUG - Using selector: SelectSelector
[2020-04-02 09:47:10,276] {passage_main.py:104} DEBUG - 최단거리 ==================>  (35.38, 129.42) 
[2020-04-02 09:47:10,276] {passage_main.py:104} DEBUG - 최단거리 ==================>  (35.1532476, 129.367982) 
[2020-04-02 09:47:10,276] {passage_main.py:104} DEBUG - 최단거리 ==================>  (34.535, 128.8705556) 
[2020-04-02 09:47:10,277] {passage_main.py:104} DEBUG - 최단거리 ==================>  (34.4547222, 128.7394444) 
[2020-04-02 09:47:10,277] {passage_main.py:104} DEBUG - 최단거리 ==================>  (34.4561111, 128.0902778) 
[2020-04-02 09:47:10,277] {passage_main.py:104} DEBUG - 최단거리 ==================>  (34.6016667, 127.9652778) 
[2020-04-02 09:47:10,278] {passage_main.py:104} DEBUG - 최단거리 ==================>  (34.6866667, 127.9438889) 
[2020-04-02 09:47:10,278] {passage_main.py:104} DEBUG - 최단거리 ==================>  (34.7229334, 127.8640104) 
[2020-04-02 09:47:10,282] {passage_main.py:104} DEBUG - 최단거리 ==================>  (34.7333333, 127.8444444) 
[2020-04-02 09:47:10,282] {passage_main.py:104} DEBUG - 최단거리 ==================>  (34.75, 127.83) 
[2020-04-02 09:47:10,282] {passage_main.py:110} DEBUG - ============================최단거리 좌표(지도표시용)============================== 
[2020-04-02 09:48:37,767] {autoreload.py:222} INFO - C:\PycharmProjects\django_web\passage\esail\algm\util.py changed, reloading.
[2020-04-02 09:48:37,768] {selector_events.py:53} DEBUG - Using selector: SelectSelector
[2020-04-02 09:49:59,105] {passage_main.py:104} DEBUG - 최단거리 ==================>  (35.38, 129.42) 
[2020-04-02 09:49:59,106] {passage_main.py:104} DEBUG - 최단거리 ==================>  (35.1532476, 129.367982) 
[2020-04-02 09:49:59,106] {passage_main.py:104} DEBUG - 최단거리 ==================>  (34.535, 128.8705556) 
[2020-04-02 09:49:59,106] {passage_main.py:104} DEBUG - 최단거리 ==================>  (34.4547222, 128.7394444) 
[2020-04-02 09:49:59,106] {passage_main.py:104} DEBUG - 최단거리 ==================>  (34.4561111, 128.0902778) 
[2020-04-02 09:49:59,107] {passage_main.py:104} DEBUG - 최단거리 ==================>  (34.6016667, 127.9652778) 
[2020-04-02 09:49:59,107] {passage_main.py:104} DEBUG - 최단거리 ==================>  (34.6866667, 127.9438889) 
[2020-04-02 09:49:59,107] {passage_main.py:104} DEBUG - 최단거리 ==================>  (34.7229334, 127.8640104) 
[2020-04-02 09:49:59,107] {passage_main.py:104} DEBUG - 최단거리 ==================>  (34.7333333, 127.8444444) 
[2020-04-02 09:49:59,108] {passage_main.py:104} DEBUG - 최단거리 ==================>  (34.75, 127.83) 
[2020-04-02 09:49:59,108] {passage_main.py:110} DEBUG - ============================최단거리 좌표(지도표시용)============================== 
[2020-04-02 09:52:17,226] {autoreload.py:222} INFO - C:\PycharmProjects\django_web\passage\esail\algm\util.py changed, reloading.
[2020-04-02 09:52:17,227] {selector_events.py:53} DEBUG - Using selector: SelectSelector
[2020-04-02 09:52:19,655] {passage_main.py:104} DEBUG - 최단거리 ==================>  (35.38, 129.42) 
[2020-04-02 09:52:19,656] {passage_main.py:104} DEBUG - 최단거리 ==================>  (35.1532476, 129.367982) 
[2020-04-02 09:52:19,656] {passage_main.py:104} DEBUG - 최단거리 ==================>  (34.535, 128.8705556) 
[2020-04-02 09:52:19,656] {passage_main.py:104} DEBUG - 최단거리 ==================>  (34.4547222, 128.7394444) 
[2020-04-02 09:52:19,656] {passage_main.py:104} DEBUG - 최단거리 ==================>  (34.4561111, 128.0902778) 
[2020-04-02 09:52:19,656] {passage_main.py:104} DEBUG - 최단거리 ==================>  (34.6016667, 127.9652778) 
[2020-04-02 09:52:19,657] {passage_main.py:104} DEBUG - 최단거리 ==================>  (34.6866667, 127.9438889) 
[2020-04-02 09:52:19,657] {passage_main.py:104} DEBUG - 최단거리 ==================>  (34.7229334, 127.8640104) 
[2020-04-02 09:52:19,657] {passage_main.py:104} DEBUG - 최단거리 ==================>  (34.7333333, 127.8444444) 
[2020-04-02 09:52:19,657] {passage_main.py:104} DEBUG - 최단거리 ==================>  (34.75, 127.83) 
[2020-04-02 09:52:19,657] {passage_main.py:110} DEBUG - ============================최단거리 좌표(지도표시용)============================== 
[2020-04-02 09:53:33,268] {autoreload.py:222} INFO - C:\PycharmProjects\django_web\passage\esail\algm\util.py changed, reloading.
[2020-04-02 09:53:33,269] {selector_events.py:53} DEBUG - Using selector: SelectSelector
[2020-04-02 09:53:37,488] {passage_main.py:104} DEBUG - 최단거리 ==================>  (35.38, 129.42) 
[2020-04-02 09:53:37,488] {passage_main.py:104} DEBUG - 최단거리 ==================>  (35.1532476, 129.367982) 
[2020-04-02 09:53:37,488] {passage_main.py:104} DEBUG - 최단거리 ==================>  (34.535, 128.8705556) 
[2020-04-02 09:53:37,488] {passage_main.py:104} DEBUG - 최단거리 ==================>  (34.4547222, 128.7394444) 
[2020-04-02 09:53:37,489] {passage_main.py:104} DEBUG - 최단거리 ==================>  (34.4561111, 128.0902778) 
[2020-04-02 09:53:37,489] {passage_main.py:104} DEBUG - 최단거리 ==================>  (34.6016667, 127.9652778) 
[2020-04-02 09:53:37,489] {passage_main.py:104} DEBUG - 최단거리 ==================>  (34.6866667, 127.9438889) 
[2020-04-02 09:53:37,489] {passage_main.py:104} DEBUG - 최단거리 ==================>  (34.7229334, 127.8640104) 
[2020-04-02 09:53:37,489] {passage_main.py:104} DEBUG - 최단거리 ==================>  (34.7333333, 127.8444444) 
[2020-04-02 09:53:37,490] {passage_main.py:104} DEBUG - 최단거리 ==================>  (34.75, 127.83) 
[2020-04-02 09:53:37,490] {passage_main.py:110} DEBUG - ============================최단거리 좌표(지도표시용)============================== 
[2020-04-02 09:54:03,208] {autoreload.py:222} INFO - C:\PycharmProjects\django_web\passage\esail\algm\util.py changed, reloading.
[2020-04-02 09:54:03,209] {selector_events.py:53} DEBUG - Using selector: SelectSelector
[2020-04-02 09:54:05,644] {passage_main.py:104} DEBUG - 최단거리 ==================>  (35.38, 129.42) 
[2020-04-02 09:54:05,645] {passage_main.py:104} DEBUG - 최단거리 ==================>  (35.1532476, 129.367982) 
[2020-04-02 09:54:05,645] {passage_main.py:104} DEBUG - 최단거리 ==================>  (34.535, 128.8705556) 
[2020-04-02 09:54:05,645] {passage_main.py:104} DEBUG - 최단거리 ==================>  (34.4547222, 128.7394444) 
[2020-04-02 09:54:05,645] {passage_main.py:104} DEBUG - 최단거리 ==================>  (34.4561111, 128.0902778) 
[2020-04-02 09:54:05,645] {passage_main.py:104} DEBUG - 최단거리 ==================>  (34.6016667, 127.9652778) 
[2020-04-02 09:54:05,645] {passage_main.py:104} DEBUG - 최단거리 ==================>  (34.6866667, 127.9438889) 
[2020-04-02 09:54:05,646] {passage_main.py:104} DEBUG - 최단거리 ==================>  (34.7229334, 127.8640104) 
[2020-04-02 09:54:05,646] {passage_main.py:104} DEBUG - 최단거리 ==================>  (34.7333333, 127.8444444) 
[2020-04-02 09:54:05,646] {passage_main.py:104} DEBUG - 최단거리 ==================>  (34.75, 127.83) 
[2020-04-02 09:54:05,646] {passage_main.py:110} DEBUG - ============================최단거리 좌표(지도표시용)============================== 
[2020-04-02 09:56:00,534] {passage_main.py:104} DEBUG - 최단거리 ==================>  (35.38, 129.42) 
[2020-04-02 09:56:00,534] {passage_main.py:104} DEBUG - 최단거리 ==================>  (35.38, 129.42) 
[2020-04-02 09:56:00,535] {passage_main.py:104} DEBUG - 최단거리 ==================>  (35.1532476, 129.367982) 
[2020-04-02 09:56:00,535] {passage_main.py:104} DEBUG - 최단거리 ==================>  (35.1532476, 129.367982) 
[2020-04-02 09:56:00,535] {passage_main.py:104} DEBUG - 최단거리 ==================>  (34.535, 128.8705556) 
[2020-04-02 09:56:00,535] {passage_main.py:104} DEBUG - 최단거리 ==================>  (34.535, 128.8705556) 
[2020-04-02 09:56:00,536] {passage_main.py:104} DEBUG - 최단거리 ==================>  (34.4547222, 128.7394444) 
[2020-04-02 09:56:00,536] {passage_main.py:104} DEBUG - 최단거리 ==================>  (34.4547222, 128.7394444) 
[2020-04-02 09:56:00,536] {passage_main.py:104} DEBUG - 최단거리 ==================>  (34.4561111, 128.0902778) 
[2020-04-02 09:56:00,536] {passage_main.py:104} DEBUG - 최단거리 ==================>  (34.4561111, 128.0902778) 
[2020-04-02 09:56:00,536] {passage_main.py:104} DEBUG - 최단거리 ==================>  (34.6016667, 127.9652778) 
[2020-04-02 09:56:00,536] {passage_main.py:104} DEBUG - 최단거리 ==================>  (34.6016667, 127.9652778) 
[2020-04-02 09:56:00,537] {passage_main.py:104} DEBUG - 최단거리 ==================>  (34.6866667, 127.9438889) 
[2020-04-02 09:56:00,537] {passage_main.py:104} DEBUG - 최단거리 ==================>  (34.6866667, 127.9438889) 
[2020-04-02 09:56:00,537] {passage_main.py:104} DEBUG - 최단거리 ==================>  (34.7229334, 127.8640104) 
[2020-04-02 09:56:00,537] {passage_main.py:104} DEBUG - 최단거리 ==================>  (34.7229334, 127.8640104) 
[2020-04-02 09:56:00,537] {passage_main.py:104} DEBUG - 최단거리 ==================>  (34.7333333, 127.8444444) 
[2020-04-02 09:56:00,537] {passage_main.py:104} DEBUG - 최단거리 ==================>  (34.7333333, 127.8444444) 
[2020-04-02 09:56:00,537] {passage_main.py:104} DEBUG - 최단거리 ==================>  (34.75, 127.83) 
[2020-04-02 09:56:00,537] {passage_main.py:104} DEBUG - 최단거리 ==================>  (34.75, 127.83) 
[2020-04-02 09:56:00,538] {passage_main.py:110} DEBUG - ============================최단거리 좌표(지도표시용)============================== 
[2020-04-02 09:56:00,538] {passage_main.py:110} DEBUG - ============================최단거리 좌표(지도표시용)============================== 
[2020-04-02 10:16:37,268] {autoreload.py:222} INFO - C:\PycharmProjects\django_web\passage\esail\algm\util.py changed, reloading.
[2020-04-02 10:16:37,268] {autoreload.py:222} INFO - C:\PycharmProjects\django_web\passage\esail\algm\util.py changed, reloading.
[2020-04-02 10:16:37,270] {selector_events.py:53} DEBUG - Using selector: SelectSelector
[2020-04-02 10:16:37,270] {selector_events.py:53} DEBUG - Using selector: SelectSelector
[2020-04-02 10:17:56,039] {passage_main.py:105} DEBUG - 최단거리 ==================>  (35.38, 129.42) 
[2020-04-02 10:17:56,040] {passage_main.py:105} DEBUG - 최단거리 ==================>  (35.1532476, 129.367982) 
[2020-04-02 10:17:56,040] {passage_main.py:105} DEBUG - 최단거리 ==================>  (34.535, 128.8705556) 
[2020-04-02 10:17:56,040] {passage_main.py:105} DEBUG - 최단거리 ==================>  (34.4547222, 128.7394444) 
[2020-04-02 10:17:56,040] {passage_main.py:105} DEBUG - 최단거리 ==================>  (34.4561111, 128.0902778) 
[2020-04-02 10:17:56,040] {passage_main.py:105} DEBUG - 최단거리 ==================>  (34.6016667, 127.9652778) 
[2020-04-02 10:17:56,041] {passage_main.py:105} DEBUG - 최단거리 ==================>  (34.6866667, 127.9438889) 
[2020-04-02 10:17:56,041] {passage_main.py:105} DEBUG - 최단거리 ==================>  (34.7229334, 127.8640104) 
[2020-04-02 10:17:56,041] {passage_main.py:105} DEBUG - 최단거리 ==================>  (34.7333333, 127.8444444) 
[2020-04-02 10:17:56,041] {passage_main.py:105} DEBUG - 최단거리 ==================>  (34.75, 127.83) 
[2020-04-02 10:17:56,041] {passage_main.py:111} DEBUG - ============================최단거리 좌표(지도표시용)============================== 
[2020-04-02 10:20:03,949] {autoreload.py:222} INFO - C:\PycharmProjects\django_web\passage\esail\algm\passage_main.py changed, reloading.
[2020-04-02 10:20:03,950] {selector_events.py:53} DEBUG - Using selector: SelectSelector
[2020-04-02 10:20:10,948] {passage_main.py:105} DEBUG - 최단거리 ==================>  (35.38, 129.42) 
[2020-04-02 10:20:10,949] {passage_main.py:105} DEBUG - 최단거리 ==================>  (35.1532476, 129.367982) 
[2020-04-02 10:20:10,949] {passage_main.py:105} DEBUG - 최단거리 ==================>  (34.535, 128.8705556) 
[2020-04-02 10:20:10,949] {passage_main.py:105} DEBUG - 최단거리 ==================>  (34.4547222, 128.7394444) 
[2020-04-02 10:20:10,949] {passage_main.py:105} DEBUG - 최단거리 ==================>  (34.4561111, 128.0902778) 
[2020-04-02 10:20:10,949] {passage_main.py:105} DEBUG - 최단거리 ==================>  (34.6016667, 127.9652778) 
[2020-04-02 10:20:10,949] {passage_main.py:105} DEBUG - 최단거리 ==================>  (34.6866667, 127.9438889) 
[2020-04-02 10:20:10,950] {passage_main.py:105} DEBUG - 최단거리 ==================>  (34.7229334, 127.8640104) 
[2020-04-02 10:20:10,950] {passage_main.py:105} DEBUG - 최단거리 ==================>  (34.7333333, 127.8444444) 
[2020-04-02 10:20:10,950] {passage_main.py:105} DEBUG - 최단거리 ==================>  (34.75, 127.83) 
[2020-04-02 10:20:10,950] {passage_main.py:111} DEBUG - ============================최단거리 좌표(지도표시용)============================== 
[2020-04-02 10:21:53,969] {autoreload.py:222} INFO - C:\PycharmProjects\django_web\passage\esail\algm\passage_main.py changed, reloading.
[2020-04-02 10:21:53,970] {selector_events.py:53} DEBUG - Using selector: SelectSelector
[2020-04-02 10:22:20,331] {passage_main.py:105} DEBUG - 최단거리 ==================>  (35.38, 129.42) 
[2020-04-02 10:22:20,331] {passage_main.py:105} DEBUG - 최단거리 ==================>  (35.1532476, 129.367982) 
[2020-04-02 10:22:20,331] {passage_main.py:105} DEBUG - 최단거리 ==================>  (34.535, 128.8705556) 
[2020-04-02 10:22:20,331] {passage_main.py:105} DEBUG - 최단거리 ==================>  (34.4547222, 128.7394444) 
[2020-04-02 10:22:20,332] {passage_main.py:105} DEBUG - 최단거리 ==================>  (34.4561111, 128.0902778) 
[2020-04-02 10:22:20,332] {passage_main.py:105} DEBUG - 최단거리 ==================>  (34.6016667, 127.9652778) 
[2020-04-02 10:22:20,332] {passage_main.py:105} DEBUG - 최단거리 ==================>  (34.6866667, 127.9438889) 
[2020-04-02 10:22:20,332] {passage_main.py:105} DEBUG - 최단거리 ==================>  (34.7229334, 127.8640104) 
[2020-04-02 10:22:20,332] {passage_main.py:105} DEBUG - 최단거리 ==================>  (34.7333333, 127.8444444) 
[2020-04-02 10:22:20,332] {passage_main.py:105} DEBUG - 최단거리 ==================>  (34.75, 127.83) 
[2020-04-02 10:22:20,333] {passage_main.py:111} DEBUG - ============================최단거리 좌표(지도표시용)============================== 
[2020-04-02 10:22:43,687] {autoreload.py:222} INFO - C:\PycharmProjects\django_web\passage\esail\algm\passage_main.py changed, reloading.
[2020-04-02 10:22:43,688] {selector_events.py:53} DEBUG - Using selector: SelectSelector
[2020-04-02 10:25:38,208] {passage_main.py:106} DEBUG - 최단거리 ==================>  (35.38, 129.42) 
[2020-04-02 10:25:38,208] {passage_main.py:106} DEBUG - 최단거리 ==================>  (35.1532476, 129.367982) 
[2020-04-02 10:25:38,208] {passage_main.py:106} DEBUG - 최단거리 ==================>  (34.535, 128.8705556) 
[2020-04-02 10:25:38,209] {passage_main.py:106} DEBUG - 최단거리 ==================>  (34.4547222, 128.7394444) 
[2020-04-02 10:25:38,209] {passage_main.py:106} DEBUG - 최단거리 ==================>  (34.4561111, 128.0902778) 
[2020-04-02 10:25:38,209] {passage_main.py:106} DEBUG - 최단거리 ==================>  (34.6016667, 127.9652778) 
[2020-04-02 10:25:38,209] {passage_main.py:106} DEBUG - 최단거리 ==================>  (34.6866667, 127.9438889) 
[2020-04-02 10:25:38,209] {passage_main.py:106} DEBUG - 최단거리 ==================>  (34.7229334, 127.8640104) 
[2020-04-02 10:25:38,209] {passage_main.py:106} DEBUG - 최단거리 ==================>  (34.7333333, 127.8444444) 
[2020-04-02 10:25:38,209] {passage_main.py:106} DEBUG - 최단거리 ==================>  (34.75, 127.83) 
[2020-04-02 10:25:38,210] {passage_main.py:112} DEBUG - ============================최단거리 좌표(지도표시용)============================== 
[2020-04-02 10:26:51,374] {autoreload.py:222} INFO - C:\PycharmProjects\django_web\passage\esail\algm\util.py changed, reloading.
[2020-04-02 10:26:51,375] {selector_events.py:53} DEBUG - Using selector: SelectSelector
[2020-04-02 10:27:06,268] {passage_main.py:106} DEBUG - 최단거리 ==================>  (35.38, 129.42) 
[2020-04-02 10:27:06,268] {passage_main.py:106} DEBUG - 최단거리 ==================>  (35.1532476, 129.367982) 
[2020-04-02 10:27:06,269] {passage_main.py:106} DEBUG - 최단거리 ==================>  (34.535, 128.8705556) 
[2020-04-02 10:27:06,269] {passage_main.py:106} DEBUG - 최단거리 ==================>  (34.4547222, 128.7394444) 
[2020-04-02 10:27:06,269] {passage_main.py:106} DEBUG - 최단거리 ==================>  (34.4561111, 128.0902778) 
[2020-04-02 10:27:06,269] {passage_main.py:106} DEBUG - 최단거리 ==================>  (34.6016667, 127.9652778) 
[2020-04-02 10:27:06,270] {passage_main.py:106} DEBUG - 최단거리 ==================>  (34.6866667, 127.9438889) 
[2020-04-02 10:27:06,270] {passage_main.py:106} DEBUG - 최단거리 ==================>  (34.7229334, 127.8640104) 
[2020-04-02 10:27:06,270] {passage_main.py:106} DEBUG - 최단거리 ==================>  (34.7333333, 127.8444444) 
[2020-04-02 10:27:06,272] {passage_main.py:106} DEBUG - 최단거리 ==================>  (34.75, 127.83) 
[2020-04-02 10:27:06,272] {passage_main.py:112} DEBUG - ============================최단거리 좌표(지도표시용)============================== 
[2020-04-02 10:29:15,853] {autoreload.py:222} INFO - C:\PycharmProjects\django_web\passage\esail\algm\util.py changed, reloading.
[2020-04-02 10:29:15,853] {selector_events.py:53} DEBUG - Using selector: SelectSelector
[2020-04-02 10:29:18,424] {log.py:228} ERROR - Internal Server Error: /esail/passage/12/
Traceback (most recent call last):
  File "C:\PycharmProjects\django_web\venv\lib\site-packages\django\core\handlers\exception.py", line 34, in inner
    response = get_response(request)
  File "C:\PycharmProjects\django_web\venv\lib\site-packages\django\core\handlers\base.py", line 115, in _get_response
    response = self.process_exception_by_middleware(e, request)
  File "C:\PycharmProjects\django_web\venv\lib\site-packages\django\core\handlers\base.py", line 113, in _get_response
    response = wrapped_callback(request, *callback_args, **callback_kwargs)
  File "C:\PycharmProjects\django_web\passage\esail\views.py", line 24, in passage
    final_route,final_route_marker,passage_plan_dict,barriers_list,final_route_distance = passage_main.main(passage_id)
  File "C:\PycharmProjects\django_web\passage\esail\algm\passage_main.py", line 81, in main
    util.make_passage_plan_distance(passage_plan_dict)
  File "C:\PycharmProjects\django_web\passage\esail\algm\util.py", line 269, in make_passage_plan_distance
    passage_plan_distance = make_route_distance(passage_plan_list)
  File "C:\PycharmProjects\django_web\passage\esail\algm\util.py", line 255, in make_route_distance
    distance = round(calc_distance(final_route[i],final_route[i-1]),3)
  File "C:\PycharmProjects\django_web\passage\esail\algm\util.py", line 104, in calc_distance
    a = 0.5 - cos((lat2 - lat1) * p) / 2 + cos(lat1 * p) * cos(lat2 * p) * (1 - cos((lon2 - lon1) * p)) / 2
TypeError: unsupported operand type(s) for -: 'str' and 'str'
[2020-04-02 10:30:49,491] {autoreload.py:222} INFO - C:\PycharmProjects\django_web\passage\esail\algm\util.py changed, reloading.
[2020-04-02 10:30:49,493] {selector_events.py:53} DEBUG - Using selector: SelectSelector
[2020-04-02 10:31:01,221] {passage_main.py:106} DEBUG - 최단거리 ==================>  (35.38, 129.42) 
[2020-04-02 10:31:01,221] {passage_main.py:106} DEBUG - 최단거리 ==================>  (35.1532476, 129.367982) 
[2020-04-02 10:31:01,221] {passage_main.py:106} DEBUG - 최단거리 ==================>  (34.535, 128.8705556) 
[2020-04-02 10:31:01,221] {passage_main.py:106} DEBUG - 최단거리 ==================>  (34.4547222, 128.7394444) 
[2020-04-02 10:31:01,222] {passage_main.py:106} DEBUG - 최단거리 ==================>  (34.4561111, 128.0902778) 
[2020-04-02 10:31:01,222] {passage_main.py:106} DEBUG - 최단거리 ==================>  (34.6016667, 127.9652778) 
[2020-04-02 10:31:01,222] {passage_main.py:106} DEBUG - 최단거리 ==================>  (34.6866667, 127.9438889) 
[2020-04-02 10:31:01,223] {passage_main.py:106} DEBUG - 최단거리 ==================>  (34.7229334, 127.8640104) 
[2020-04-02 10:31:01,223] {passage_main.py:106} DEBUG - 최단거리 ==================>  (34.7333333, 127.8444444) 
[2020-04-02 10:31:01,223] {passage_main.py:106} DEBUG - 최단거리 ==================>  (34.75, 127.83) 
[2020-04-02 10:31:01,225] {passage_main.py:112} DEBUG - ============================최단거리 좌표(지도표시용)============================== 
[2020-04-02 10:34:11,608] {autoreload.py:222} INFO - C:\PycharmProjects\django_web\passage\esail\algm\dijkstra.py changed, reloading.
[2020-04-02 10:34:11,609] {selector_events.py:53} DEBUG - Using selector: SelectSelector
[2020-04-02 10:43:40,474] {passage_main.py:106} DEBUG - 최단거리 ==================>  (35.38, 129.42) 
[2020-04-02 10:43:40,475] {passage_main.py:106} DEBUG - 최단거리 ==================>  (35.1532476, 129.367982) 
[2020-04-02 10:43:40,475] {passage_main.py:106} DEBUG - 최단거리 ==================>  (34.535, 128.8705556) 
[2020-04-02 10:43:40,475] {passage_main.py:106} DEBUG - 최단거리 ==================>  (34.4547222, 128.7394444) 
[2020-04-02 10:43:40,475] {passage_main.py:106} DEBUG - 최단거리 ==================>  (34.4561111, 128.0902778) 
[2020-04-02 10:43:40,476] {passage_main.py:106} DEBUG - 최단거리 ==================>  (34.6016667, 127.9652778) 
[2020-04-02 10:43:40,476] {passage_main.py:106} DEBUG - 최단거리 ==================>  (34.6866667, 127.9438889) 
[2020-04-02 10:43:40,476] {passage_main.py:106} DEBUG - 최단거리 ==================>  (34.7229334, 127.8640104) 
[2020-04-02 10:43:40,476] {passage_main.py:106} DEBUG - 최단거리 ==================>  (34.7333333, 127.8444444) 
[2020-04-02 10:43:40,476] {passage_main.py:106} DEBUG - 최단거리 ==================>  (34.75, 127.83) 
[2020-04-02 10:43:40,476] {passage_main.py:112} DEBUG - ============================최단거리 좌표(지도표시용)============================== 
[2020-04-02 10:44:59,845] {passage_main.py:106} DEBUG - 최단거리 ==================>  (35.38, 129.42) 
[2020-04-02 10:44:59,845] {passage_main.py:106} DEBUG - 최단거리 ==================>  (35.38, 129.42) 
[2020-04-02 10:44:59,845] {passage_main.py:106} DEBUG - 최단거리 ==================>  (35.1532476, 129.367982) 
[2020-04-02 10:44:59,845] {passage_main.py:106} DEBUG - 최단거리 ==================>  (35.1532476, 129.367982) 
[2020-04-02 10:44:59,846] {passage_main.py:106} DEBUG - 최단거리 ==================>  (34.535, 128.8705556) 
[2020-04-02 10:44:59,846] {passage_main.py:106} DEBUG - 최단거리 ==================>  (34.535, 128.8705556) 
[2020-04-02 10:44:59,846] {passage_main.py:106} DEBUG - 최단거리 ==================>  (34.4547222, 128.7394444) 
[2020-04-02 10:44:59,846] {passage_main.py:106} DEBUG - 최단거리 ==================>  (34.4547222, 128.7394444) 
[2020-04-02 10:44:59,847] {passage_main.py:106} DEBUG - 최단거리 ==================>  (34.4561111, 128.0902778) 
[2020-04-02 10:44:59,847] {passage_main.py:106} DEBUG - 최단거리 ==================>  (34.4561111, 128.0902778) 
[2020-04-02 10:44:59,847] {passage_main.py:106} DEBUG - 최단거리 ==================>  (34.6016667, 127.9652778) 
[2020-04-02 10:44:59,847] {passage_main.py:106} DEBUG - 최단거리 ==================>  (34.6016667, 127.9652778) 
[2020-04-02 10:44:59,847] {passage_main.py:106} DEBUG - 최단거리 ==================>  (34.6866667, 127.9438889) 
[2020-04-02 10:44:59,847] {passage_main.py:106} DEBUG - 최단거리 ==================>  (34.6866667, 127.9438889) 
[2020-04-02 10:44:59,848] {passage_main.py:106} DEBUG - 최단거리 ==================>  (34.7229334, 127.8640104) 
[2020-04-02 10:44:59,848] {passage_main.py:106} DEBUG - 최단거리 ==================>  (34.7229334, 127.8640104) 
[2020-04-02 10:44:59,848] {passage_main.py:106} DEBUG - 최단거리 ==================>  (34.7333333, 127.8444444) 
[2020-04-02 10:44:59,848] {passage_main.py:106} DEBUG - 최단거리 ==================>  (34.7333333, 127.8444444) 
[2020-04-02 10:44:59,848] {passage_main.py:106} DEBUG - 최단거리 ==================>  (34.75, 127.83) 
[2020-04-02 10:44:59,848] {passage_main.py:106} DEBUG - 최단거리 ==================>  (34.75, 127.83) 
[2020-04-02 10:44:59,849] {passage_main.py:112} DEBUG - ============================최단거리 좌표(지도표시용)============================== 
[2020-04-02 10:44:59,849] {passage_main.py:112} DEBUG - ============================최단거리 좌표(지도표시용)============================== 
[2020-04-02 10:46:29,166] {autoreload.py:222} INFO - C:\PycharmProjects\django_web\passage\esail\algm\passage_main.py changed, reloading.
[2020-04-02 10:46:29,166] {autoreload.py:222} INFO - C:\PycharmProjects\django_web\passage\esail\algm\passage_main.py changed, reloading.
[2020-04-02 10:46:29,167] {selector_events.py:53} DEBUG - Using selector: SelectSelector
[2020-04-02 10:46:29,167] {selector_events.py:53} DEBUG - Using selector: SelectSelector
[2020-04-02 10:47:24,890] {autoreload.py:222} INFO - C:\PycharmProjects\django_web\passage\esail\algm\passage_main.py changed, reloading.
[2020-04-02 10:47:24,891] {selector_events.py:53} DEBUG - Using selector: SelectSelector
[2020-04-02 10:48:05,248] {autoreload.py:222} INFO - C:\PycharmProjects\django_web\passage\esail\algm\util.py changed, reloading.
[2020-04-02 10:48:05,249] {selector_events.py:53} DEBUG - Using selector: SelectSelector
[2020-04-02 10:49:45,340] {autoreload.py:222} INFO - C:\PycharmProjects\django_web\passage\esail\algm\util.py changed, reloading.
[2020-04-02 10:49:45,341] {selector_events.py:53} DEBUG - Using selector: SelectSelector
[2020-04-02 10:53:55,186] {autoreload.py:222} INFO - C:\PycharmProjects\django_web\passage\esail\algm\dijkstra.py changed, reloading.
[2020-04-02 10:53:55,187] {selector_events.py:53} DEBUG - Using selector: SelectSelector
[2020-04-02 10:56:38,925] {autoreload.py:222} INFO - C:\PycharmProjects\django_web\passage\esail\algm\util.py changed, reloading.
[2020-04-02 10:56:38,925] {autoreload.py:222} INFO - C:\PycharmProjects\django_web\passage\esail\algm\util.py changed, reloading.
[2020-04-02 10:56:38,925] {autoreload.py:222} INFO - C:\PycharmProjects\django_web\passage\esail\algm\util.py changed, reloading.
[2020-04-02 10:56:38,925] {autoreload.py:222} INFO - C:\PycharmProjects\django_web\passage\esail\algm\util.py changed, reloading.
[2020-04-02 10:56:38,926] {selector_events.py:53} DEBUG - Using selector: SelectSelector
[2020-04-02 10:56:38,926] {selector_events.py:53} DEBUG - Using selector: SelectSelector
[2020-04-02 10:56:38,926] {selector_events.py:53} DEBUG - Using selector: SelectSelector
[2020-04-02 10:56:38,926] {selector_events.py:53} DEBUG - Using selector: SelectSelector
[2020-04-02 10:58:05,587] {autoreload.py:222} INFO - C:\PycharmProjects\django_web\passage\esail\algm\passage_main.py changed, reloading.
[2020-04-02 10:58:05,588] {selector_events.py:53} DEBUG - Using selector: SelectSelector
[2020-04-02 10:58:54,333] {autoreload.py:222} INFO - C:\PycharmProjects\django_web\passage\esail\algm\util.py changed, reloading.
[2020-04-02 10:58:54,334] {selector_events.py:53} DEBUG - Using selector: SelectSelector
[2020-04-02 10:59:40,411] {autoreload.py:222} INFO - C:\PycharmProjects\django_web\passage\esail\algm\util.py changed, reloading.
[2020-04-02 10:59:40,413] {selector_events.py:53} DEBUG - Using selector: SelectSelector
[2020-04-02 11:30:49,351] {autoreload.py:222} INFO - C:\PycharmProjects\django_web\passage\esail\algm\dijkstra.py changed, reloading.
[2020-04-02 11:30:49,353] {selector_events.py:53} DEBUG - Using selector: SelectSelector
